Array
(
    [status] => OK
    [response] => <?xml version="1.0" encoding="utf-8"?>
<string xmlns="www.fast-operator.ru">&lt;xml&gt;&lt;Item Code="100000006" Name="Полтава"/&gt;&lt;Item Code="100000000" Name="Харьков"/&gt;&lt;/xml&gt;</string>
    [info] => Array
        (
            [url] => http://yaposhkacent.ddns.net:5000/FastOperator.asmx/GetCities
            [content_type] => text/xml; charset=utf-8
            [http_code] => 200
            [header_size] => 230
            [request_size] => 161
            [filetime] => -1
            [ssl_verify_result] => 0
            [redirect_count] => 0
            [total_time] => 0.225253
            [namelookup_time] => 0.124495
            [connect_time] => 0.176728
            [pretransfer_time] => 0.176778
            [size_upload] => 0
            [size_download] => 213
            [speed_download] => 945
            [speed_upload] => 0
            [download_content_length] => 213
            [upload_content_length] => 0
            [starttransfer_time] => 0.225211
            [redirect_time] => 0
            [redirect_url] => 
            [primary_ip] => 91.201.182.46
            [certinfo] => Array
                (
                )

            [primary_port] => 5000
            [local_ip] => 192.168.1.191
            [local_port] => 44998
        )

)
Array
(
    [#document] => Array
        (
            [string] => Array
                (
                    [#document] => Array
                        (
                            [xml] => Array
                                (
                                    [0] => Array
                                        (
                                            [Code] => 100000006
                                            [Name] => Полтава
                                            [Item] => Array
                                                (
                                                )

                                        )

                                    [1] => Array
                                        (
                                            [Code] => 100000000
                                            [Name] => Харьков
                                            [Item] => Array
                                                (
                                                )

                                        )

                                )

                        )

                )

        )

)
Array
(
    [status] => OK
    [response] => <?xml version="1.0" encoding="utf-8"?>
<string xmlns="www.fast-operator.ru">&lt;xml&gt;&lt;/xml&gt;</string>
    [info] => Array
        (
            [url] => http://yaposhkacent.ddns.net:5000/FastOperator.asmx/GetCustomer
            [content_type] => text/xml; charset=utf-8
            [http_code] => 200
            [header_size] => 230
            [request_size] => 197
            [filetime] => -1
            [ssl_verify_result] => 0
            [redirect_count] => 0
            [total_time] => 0.119347
            [namelookup_time] => 3.8E-5
            [connect_time] => 0.069382
            [pretransfer_time] => 0.069454
            [size_upload] => 33
            [size_download] => 109
            [speed_download] => 913
            [speed_upload] => 276
            [download_content_length] => 109
            [upload_content_length] => 33
            [starttransfer_time] => 0.119299
            [redirect_time] => 0
            [redirect_url] => 
            [primary_ip] => 91.201.182.46
            [certinfo] => Array
                (
                )

            [primary_port] => 5000
            [local_ip] => 192.168.1.191
            [local_port] => 44999
        )

)
Array
(
    [#document] => Array
        (
            [string] => Array
                (
                    [#document] => Array
                        (
                            [xml] => Array
                                (
                                )

                        )

                )

        )

)
Array
(
    [status] => OK
    [response] => <?xml version="1.0" encoding="utf-8"?>
<string xmlns="www.fast-operator.ru">&lt;xml&gt;&lt;Item Code="100000006" Name="Полтава"/&gt;&lt;Item Code="100000000" Name="Харьков"/&gt;&lt;/xml&gt;</string>
    [info] => Array
        (
            [url] => http://yaposhkacent.ddns.net:5000/FastOperator.asmx/GetCities
            [content_type] => text/xml; charset=utf-8
            [http_code] => 200
            [header_size] => 230
            [request_size] => 161
            [filetime] => -1
            [ssl_verify_result] => 0
            [redirect_count] => 0
            [total_time] => 0.269097
            [namelookup_time] => 0.25264
            [connect_time] => 0.259249
            [pretransfer_time] => 0.259297
            [size_upload] => 0
            [size_download] => 213
            [speed_download] => 791
            [speed_upload] => 0
            [download_content_length] => 213
            [upload_content_length] => 0
            [starttransfer_time] => 0.269048
            [redirect_time] => 0
            [redirect_url] => 
            [primary_ip] => 82.117.248.31
            [certinfo] => Array
                (
                )

            [primary_port] => 5000
            [local_ip] => 192.168.1.191
            [local_port] => 56932
        )

)
Array
(
    [#document] => Array
        (
            [string] => Array
                (
                    [#document] => Array
                        (
                            [xml] => Array
                                (
                                    [0] => Array
                                        (
                                            [Code] => 100000006
                                            [Name] => Полтава
                                            [Item] => Array
                                                (
                                                )

                                        )

                                    [1] => Array
                                        (
                                            [Code] => 100000000
                                            [Name] => Харьков
                                            [Item] => Array
                                                (
                                                )

                                        )

                                )

                        )

                )

        )

)
Array
(
    [status] => OK
    [response] => <?xml version="1.0" encoding="utf-8"?>
<string xmlns="www.fast-operator.ru">&lt;xml&gt;&lt;/xml&gt;</string>
    [info] => Array
        (
            [url] => http://yaposhkacent.ddns.net:5000/FastOperator.asmx/GetCustomer
            [content_type] => text/xml; charset=utf-8
            [http_code] => 200
            [header_size] => 230
            [request_size] => 197
            [filetime] => -1
            [ssl_verify_result] => 0
            [redirect_count] => 0
            [total_time] => 0.016801
            [namelookup_time] => 3.6E-5
            [connect_time] => 0.007383
            [pretransfer_time] => 0.007434
            [size_upload] => 33
            [size_download] => 109
            [speed_download] => 6487
            [speed_upload] => 1964
            [download_content_length] => 109
            [upload_content_length] => 33
            [starttransfer_time] => 0.01676
            [redirect_time] => 0
            [redirect_url] => 
            [primary_ip] => 82.117.248.31
            [certinfo] => Array
                (
                )

            [primary_port] => 5000
            [local_ip] => 192.168.1.191
            [local_port] => 56933
        )

)
Array
(
    [#document] => Array
        (
            [string] => Array
                (
                    [#document] => Array
                        (
                            [xml] => Array
                                (
                                )

                        )

                )

        )

)
Array
(
    [status] => OK
    [response] => <?xml version="1.0" encoding="utf-8"?>
<string xmlns="www.fast-operator.ru">&lt;xml&gt;&lt;Item Code="100000006" Name="Полтава"/&gt;&lt;Item Code="100000000" Name="Харьков"/&gt;&lt;/xml&gt;</string>
    [info] => Array
        (
            [url] => http://yaposhkacent.ddns.net:5000/FastOperator.asmx/GetCities
            [content_type] => text/xml; charset=utf-8
            [http_code] => 200
            [header_size] => 230
            [request_size] => 161
            [filetime] => -1
            [ssl_verify_result] => 0
            [redirect_count] => 0
            [total_time] => 0.097713
            [namelookup_time] => 0.060413
            [connect_time] => 0.079398
            [pretransfer_time] => 0.079445
            [size_upload] => 0
            [size_download] => 213
            [speed_download] => 2179
            [speed_upload] => 0
            [download_content_length] => 213
            [upload_content_length] => 0
            [starttransfer_time] => 0.097671
            [redirect_time] => 0
            [redirect_url] => 
            [primary_ip] => 82.117.248.31
            [certinfo] => Array
                (
                )

            [primary_port] => 5000
            [local_ip] => 192.168.1.191
            [local_port] => 56938
        )

)
Array
(
    [#document] => Array
        (
            [string] => Array
                (
                    [#document] => Array
                        (
                            [xml] => Array
                                (
                                    [0] => Array
                                        (
                                            [Code] => 100000006
                                            [Name] => Полтава
                                            [Item] => Array
                                                (
                                                )

                                        )

                                    [1] => Array
                                        (
                                            [Code] => 100000000
                                            [Name] => Харьков
                                            [Item] => Array
                                                (
                                                )

                                        )

                                )

                        )

                )

        )

)
Array
(
    [status] => OK
    [response] => <?xml version="1.0" encoding="utf-8"?>
<string xmlns="www.fast-operator.ru">&lt;xml&gt;&lt;/xml&gt;</string>
    [info] => Array
        (
            [url] => http://yaposhkacent.ddns.net:5000/FastOperator.asmx/GetCustomer
            [content_type] => text/xml; charset=utf-8
            [http_code] => 200
            [header_size] => 230
            [request_size] => 197
            [filetime] => -1
            [ssl_verify_result] => 0
            [redirect_count] => 0
            [total_time] => 0.030739
            [namelookup_time] => 3.7E-5
            [connect_time] => 0.015416
            [pretransfer_time] => 0.015477
            [size_upload] => 33
            [size_download] => 109
            [speed_download] => 3545
            [speed_upload] => 1073
            [download_content_length] => 109
            [upload_content_length] => 33
            [starttransfer_time] => 0.030696
            [redirect_time] => 0
            [redirect_url] => 
            [primary_ip] => 82.117.248.31
            [certinfo] => Array
                (
                )

            [primary_port] => 5000
            [local_ip] => 192.168.1.191
            [local_port] => 56939
        )

)
Array
(
    [#document] => Array
        (
            [string] => Array
                (
                    [#document] => Array
                        (
                            [xml] => Array
                                (
                                )

                        )

                )

        )

)
Array
(
    [status] => OK
    [response] => <?xml version="1.0" encoding="utf-8"?>
<string xmlns="www.fast-operator.ru">&lt;xml&gt;&lt;Item Code="100000006" Name="Полтава"/&gt;&lt;Item Code="100000000" Name="Харьков"/&gt;&lt;/xml&gt;</string>
    [info] => Array
        (
            [url] => http://yaposhkacent.ddns.net:5000/FastOperator.asmx/GetCities
            [content_type] => text/xml; charset=utf-8
            [http_code] => 200
            [header_size] => 230
            [request_size] => 161
            [filetime] => -1
            [ssl_verify_result] => 0
            [redirect_count] => 0
            [total_time] => 0.144995
            [namelookup_time] => 0.124518
            [connect_time] => 0.130712
            [pretransfer_time] => 0.130765
            [size_upload] => 0
            [size_download] => 213
            [speed_download] => 1469
            [speed_upload] => 0
            [download_content_length] => 213
            [upload_content_length] => 0
            [starttransfer_time] => 0.144953
            [redirect_time] => 0
            [redirect_url] => 
            [primary_ip] => 82.117.248.31
            [certinfo] => Array
                (
                )

            [primary_port] => 5000
            [local_ip] => 192.168.1.191
            [local_port] => 56961
        )

)
Array
(
    [#document] => Array
        (
            [string] => Array
                (
                    [#document] => Array
                        (
                            [xml] => Array
                                (
                                    [0] => Array
                                        (
                                            [Code] => 100000006
                                            [Name] => Полтава
                                            [Item] => Array
                                                (
                                                )

                                        )

                                    [1] => Array
                                        (
                                            [Code] => 100000000
                                            [Name] => Харьков
                                            [Item] => Array
                                                (
                                                )

                                        )

                                )

                        )

                )

        )

)
Array
(
    [status] => OK
    [response] => <?xml version="1.0" encoding="utf-8"?>
<string xmlns="www.fast-operator.ru">&lt;xml&gt;&lt;/xml&gt;</string>
    [info] => Array
        (
            [url] => http://yaposhkacent.ddns.net:5000/FastOperator.asmx/GetCustomer
            [content_type] => text/xml; charset=utf-8
            [http_code] => 200
            [header_size] => 230
            [request_size] => 197
            [filetime] => -1
            [ssl_verify_result] => 0
            [redirect_count] => 0
            [total_time] => 0.019324
            [namelookup_time] => 3.4E-5
            [connect_time] => 0.008664
            [pretransfer_time] => 0.008712
            [size_upload] => 33
            [size_download] => 109
            [speed_download] => 5640
            [speed_upload] => 1707
            [download_content_length] => 109
            [upload_content_length] => 33
            [starttransfer_time] => 0.019283
            [redirect_time] => 0
            [redirect_url] => 
            [primary_ip] => 82.117.248.31
            [certinfo] => Array
                (
                )

            [primary_port] => 5000
            [local_ip] => 192.168.1.191
            [local_port] => 56962
        )

)
Array
(
    [#document] => Array
        (
            [string] => Array
                (
                    [#document] => Array
                        (
                            [xml] => 
                        )

                )

        )

)
Array
(
    [status] => OK
    [response] => <?xml version="1.0" encoding="utf-8"?>
<string xmlns="www.fast-operator.ru">&lt;xml&gt;&lt;Item Code="100000006" Name="Полтава"/&gt;&lt;Item Code="100000000" Name="Харьков"/&gt;&lt;/xml&gt;</string>
    [info] => Array
        (
            [url] => http://yaposhkacent.ddns.net:5000/FastOperator.asmx/GetCities
            [content_type] => text/xml; charset=utf-8
            [http_code] => 200
            [header_size] => 230
            [request_size] => 161
            [filetime] => -1
            [ssl_verify_result] => 0
            [redirect_count] => 0
            [total_time] => 0.524558
            [namelookup_time] => 0.508952
            [connect_time] => 0.514932
            [pretransfer_time] => 0.514988
            [size_upload] => 0
            [size_download] => 213
            [speed_download] => 406
            [speed_upload] => 0
            [download_content_length] => 213
            [upload_content_length] => 0
            [starttransfer_time] => 0.524518
            [redirect_time] => 0
            [redirect_url] => 
            [primary_ip] => 82.117.248.31
            [certinfo] => Array
                (
                )

            [primary_port] => 5000
            [local_ip] => 192.168.1.191
            [local_port] => 56963
        )

)
Array
(
    [#document] => Array
        (
            [string] => Array
                (
                    [#document] => Array
                        (
                            [xml] => Array
                                (
                                    [0] => Array
                                        (
                                            [Code] => 100000006
                                            [Name] => Полтава
                                        )

                                    [1] => Array
                                        (
                                            [Code] => 100000000
                                            [Name] => Харьков
                                        )

                                )

                        )

                )

        )

)
Array
(
    [status] => OK
    [response] => <?xml version="1.0" encoding="utf-8"?>
<string xmlns="www.fast-operator.ru">&lt;xml&gt;&lt;/xml&gt;</string>
    [info] => Array
        (
            [url] => http://yaposhkacent.ddns.net:5000/FastOperator.asmx/GetCustomer
            [content_type] => text/xml; charset=utf-8
            [http_code] => 200
            [header_size] => 230
            [request_size] => 197
            [filetime] => -1
            [ssl_verify_result] => 0
            [redirect_count] => 0
            [total_time] => 0.018256
            [namelookup_time] => 4.4E-5
            [connect_time] => 0.007294
            [pretransfer_time] => 0.007352
            [size_upload] => 33
            [size_download] => 109
            [speed_download] => 5970
            [speed_upload] => 1807
            [download_content_length] => 109
            [upload_content_length] => 33
            [starttransfer_time] => 0.018214
            [redirect_time] => 0
            [redirect_url] => 
            [primary_ip] => 82.117.248.31
            [certinfo] => Array
                (
                )

            [primary_port] => 5000
            [local_ip] => 192.168.1.191
            [local_port] => 56964
        )

)
Array
(
    [#document] => Array
        (
            [string] => Array
                (
                    [#document] => Array
                        (
                            [xml] => Array
                                (
                                )

                        )

                )

        )

)
Array
(
    [status] => OK
    [response] => <?xml version="1.0" encoding="utf-8"?>
<string xmlns="www.fast-operator.ru">&lt;xml&gt;&lt;Item Code="100000006" Name="Полтава"/&gt;&lt;Item Code="100000000" Name="Харьков"/&gt;&lt;/xml&gt;</string>
    [info] => Array
        (
            [url] => http://yaposhkacent.ddns.net:5000/FastOperator.asmx/GetCities
            [content_type] => text/xml; charset=utf-8
            [http_code] => 200
            [header_size] => 230
            [request_size] => 161
            [filetime] => -1
            [ssl_verify_result] => 0
            [redirect_count] => 0
            [total_time] => 0.105786
            [namelookup_time] => 0.060405
            [connect_time] => 0.079648
            [pretransfer_time] => 0.079697
            [size_upload] => 0
            [size_download] => 213
            [speed_download] => 2013
            [speed_upload] => 0
            [download_content_length] => 213
            [upload_content_length] => 0
            [starttransfer_time] => 0.098493
            [redirect_time] => 0
            [redirect_url] => 
            [primary_ip] => 82.117.248.31
            [certinfo] => Array
                (
                )

            [primary_port] => 5000
            [local_ip] => 192.168.1.191
            [local_port] => 56965
        )

)
Array
(
    [#document] => Array
        (
            [string] => Array
                (
                    [#document] => Array
                        (
                            [xml] => Array
                                (
                                    [0] => Array
                                        (
                                            [Code] => 100000006
                                            [Name] => Полтава
                                        )

                                    [1] => Array
                                        (
                                            [Code] => 100000000
                                            [Name] => Харьков
                                        )

                                )

                        )

                )

        )

)
Array
(
    [status] => OK
    [response] => <?xml version="1.0" encoding="utf-8"?>
<string xmlns="www.fast-operator.ru">&lt;xml&gt;&lt;/xml&gt;</string>
    [info] => Array
        (
            [url] => http://yaposhkacent.ddns.net:5000/FastOperator.asmx/GetCustomer
            [content_type] => text/xml; charset=utf-8
            [http_code] => 200
            [header_size] => 230
            [request_size] => 197
            [filetime] => -1
            [ssl_verify_result] => 0
            [redirect_count] => 0
            [total_time] => 0.023414
            [namelookup_time] => 3.7E-5
            [connect_time] => 0.010629
            [pretransfer_time] => 0.010683
            [size_upload] => 33
            [size_download] => 109
            [speed_download] => 4655
            [speed_upload] => 1409
            [download_content_length] => 109
            [upload_content_length] => 33
            [starttransfer_time] => 0.023372
            [redirect_time] => 0
            [redirect_url] => 
            [primary_ip] => 82.117.248.31
            [certinfo] => Array
                (
                )

            [primary_port] => 5000
            [local_ip] => 192.168.1.191
            [local_port] => 56966
        )

)
Array
(
    [#document] => Array
        (
            [string] => Array
                (
                    [#document] => Array
                        (
                            [xml] => Array
                                (
                                )

                        )

                )

        )

)
Array
(
    [status] => OK
    [response] => <?xml version="1.0" encoding="utf-8"?>
<string xmlns="www.fast-operator.ru">&lt;xml&gt;&lt;Item Code="100000006" Name="Полтава"/&gt;&lt;Item Code="100000000" Name="Харьков"/&gt;&lt;/xml&gt;</string>
    [info] => Array
        (
            [url] => http://yaposhkacent.ddns.net:5000/FastOperator.asmx/GetCities
            [content_type] => text/xml; charset=utf-8
            [http_code] => 200
            [header_size] => 230
            [request_size] => 161
            [filetime] => -1
            [ssl_verify_result] => 0
            [redirect_count] => 0
            [total_time] => 0.272472
            [namelookup_time] => 0.252661
            [connect_time] => 0.261307
            [pretransfer_time] => 0.261348
            [size_upload] => 0
            [size_download] => 213
            [speed_download] => 781
            [speed_upload] => 0
            [download_content_length] => 213
            [upload_content_length] => 0
            [starttransfer_time] => 0.272436
            [redirect_time] => 0
            [redirect_url] => 
            [primary_ip] => 82.117.248.31
            [certinfo] => Array
                (
                )

            [primary_port] => 5000
            [local_ip] => 192.168.1.191
            [local_port] => 56991
        )

)
Array
(
    [#document] => Array
        (
            [string] => Array
                (
                    [#document] => Array
                        (
                            [xml] => Array
                                (
                                    [0] => Array
                                        (
                                            [Code] => 100000006
                                            [Name] => Полтава
                                        )

                                    [1] => Array
                                        (
                                            [Code] => 100000000
                                            [Name] => Харьков
                                        )

                                )

                        )

                )

        )

)
Array
(
    [status] => OK
    [response] => <?xml version="1.0" encoding="utf-8"?>
<string xmlns="www.fast-operator.ru">&lt;xml&gt;&lt;/xml&gt;</string>
    [info] => Array
        (
            [url] => http://yaposhkacent.ddns.net:5000/FastOperator.asmx/GetCustomer
            [content_type] => text/xml; charset=utf-8
            [http_code] => 200
            [header_size] => 230
            [request_size] => 197
            [filetime] => -1
            [ssl_verify_result] => 0
            [redirect_count] => 0
            [total_time] => 0.009949
            [namelookup_time] => 3.2E-5
            [connect_time] => 0.005014
            [pretransfer_time] => 0.005065
            [size_upload] => 33
            [size_download] => 109
            [speed_download] => 10955
            [speed_upload] => 3316
            [download_content_length] => 109
            [upload_content_length] => 33
            [starttransfer_time] => 0.009909
            [redirect_time] => 0
            [redirect_url] => 
            [primary_ip] => 82.117.248.31
            [certinfo] => Array
                (
                )

            [primary_port] => 5000
            [local_ip] => 192.168.1.191
            [local_port] => 56992
        )

)
Array
(
    [#document] => Array
        (
            [string] => Array
                (
                    [#document] => Array
                        (
                            [xml] => Array
                                (
                                )

                        )

                )

        )

)
Array
(
    [status] => OK
    [response] => <?xml version="1.0" encoding="utf-8"?>
<string xmlns="www.fast-operator.ru">&lt;xml&gt;&lt;Item Code="100000006" Name="Полтава"/&gt;&lt;Item Code="100000000" Name="Харьков"/&gt;&lt;/xml&gt;</string>
    [info] => Array
        (
            [url] => http://yaposhkacent.ddns.net:5000/FastOperator.asmx/GetCities
            [content_type] => text/xml; charset=utf-8
            [http_code] => 200
            [header_size] => 230
            [request_size] => 161
            [filetime] => -1
            [ssl_verify_result] => 0
            [redirect_count] => 0
            [total_time] => 0.090004
            [namelookup_time] => 0.060385
            [connect_time] => 0.069354
            [pretransfer_time] => 0.069398
            [size_upload] => 0
            [size_download] => 213
            [speed_download] => 2366
            [speed_upload] => 0
            [download_content_length] => 213
            [upload_content_length] => 0
            [starttransfer_time] => 0.089954
            [redirect_time] => 0
            [redirect_url] => 
            [primary_ip] => 82.117.248.31
            [certinfo] => Array
                (
                )

            [primary_port] => 5000
            [local_ip] => 192.168.1.191
            [local_port] => 56993
        )

)
Array
(
    [#document] => Array
        (
            [string] => Array
                (
                    [#document] => Array
                        (
                            [xml] => Array
                                (
                                    [0] => Array
                                        (
                                            [Code] => 100000006
                                            [Name] => Полтава
                                        )

                                    [1] => Array
                                        (
                                            [Code] => 100000000
                                            [Name] => Харьков
                                        )

                                )

                        )

                )

        )

)
Array
(
    [status] => OK
    [response] => <?xml version="1.0" encoding="utf-8"?>
<string xmlns="www.fast-operator.ru">&lt;xml&gt;&lt;/xml&gt;</string>
    [info] => Array
        (
            [url] => http://yaposhkacent.ddns.net:5000/FastOperator.asmx/GetCustomer
            [content_type] => text/xml; charset=utf-8
            [http_code] => 200
            [header_size] => 230
            [request_size] => 197
            [filetime] => -1
            [ssl_verify_result] => 0
            [redirect_count] => 0
            [total_time] => 0.039401
            [namelookup_time] => 3.9E-5
            [connect_time] => 0.018667
            [pretransfer_time] => 0.018742
            [size_upload] => 33
            [size_download] => 109
            [speed_download] => 2766
            [speed_upload] => 837
            [download_content_length] => 109
            [upload_content_length] => 33
            [starttransfer_time] => 0.039354
            [redirect_time] => 0
            [redirect_url] => 
            [primary_ip] => 82.117.248.31
            [certinfo] => Array
                (
                )

            [primary_port] => 5000
            [local_ip] => 192.168.1.191
            [local_port] => 56994
        )

)
Array
(
    [#document] => Array
        (
            [string] => Array
                (
                    [#document] => Array
                        (
                            [xml] => Array
                                (
                                )

                        )

                )

        )

)
Array
(
    [status] => OK
    [response] => <?xml version="1.0" encoding="utf-8"?>
<string xmlns="www.fast-operator.ru">&lt;xml&gt;&lt;Item Code="100000006" Name="Полтава"/&gt;&lt;Item Code="100000000" Name="Харьков"/&gt;&lt;/xml&gt;</string>
    [info] => Array
        (
            [url] => http://yaposhkacent.ddns.net:5000/FastOperator.asmx/GetCities
            [content_type] => text/xml; charset=utf-8
            [http_code] => 200
            [header_size] => 230
            [request_size] => 161
            [filetime] => -1
            [ssl_verify_result] => 0
            [redirect_count] => 0
            [total_time] => 0.521522
            [namelookup_time] => 0.509016
            [connect_time] => 0.515961
            [pretransfer_time] => 0.516014
            [size_upload] => 0
            [size_download] => 213
            [speed_download] => 408
            [speed_upload] => 0
            [download_content_length] => 213
            [upload_content_length] => 0
            [starttransfer_time] => 0.52148
            [redirect_time] => 0
            [redirect_url] => 
            [primary_ip] => 82.117.248.31
            [certinfo] => Array
                (
                )

            [primary_port] => 5000
            [local_ip] => 192.168.1.191
            [local_port] => 56995
        )

)
Array
(
    [#document] => Array
        (
            [string] => Array
                (
                    [#document] => Array
                        (
                            [xml] => Array
                                (
                                    [0] => Array
                                        (
                                            [Code] => 100000006
                                            [Name] => Полтава
                                        )

                                    [1] => Array
                                        (
                                            [Code] => 100000000
                                            [Name] => Харьков
                                        )

                                )

                        )

                )

        )

)
Array
(
    [status] => OK
    [response] => <?xml version="1.0" encoding="utf-8"?>
<string xmlns="www.fast-operator.ru">&lt;xml&gt;&lt;/xml&gt;</string>
    [info] => Array
        (
            [url] => http://yaposhkacent.ddns.net:5000/FastOperator.asmx/GetCustomer
            [content_type] => text/xml; charset=utf-8
            [http_code] => 200
            [header_size] => 230
            [request_size] => 197
            [filetime] => -1
            [ssl_verify_result] => 0
            [redirect_count] => 0
            [total_time] => 0.019405
            [namelookup_time] => 4.4E-5
            [connect_time] => 0.008205
            [pretransfer_time] => 0.00827
            [size_upload] => 33
            [size_download] => 109
            [speed_download] => 5617
            [speed_upload] => 1700
            [download_content_length] => 109
            [upload_content_length] => 33
            [starttransfer_time] => 0.019358
            [redirect_time] => 0
            [redirect_url] => 
            [primary_ip] => 82.117.248.31
            [certinfo] => Array
                (
                )

            [primary_port] => 5000
            [local_ip] => 192.168.1.191
            [local_port] => 56996
        )

)
Array
(
    [#document] => Array
        (
            [string] => Array
                (
                    [#document] => Array
                        (
                            [xml] => Array
                                (
                                )

                        )

                )

        )

)
